<?xml version="1.0" encoding="UTF-8"?>
<testsuite xmlns:xsi="http://www.w3.org/2001/XMLSchema-instance" xsi:noNamespaceSchemaLocation="https://maven.apache.org/surefire/maven-surefire-plugin/xsd/surefire-test-report.xsd" name="api.rest.indra.services.CrudServiceTest" time="1.203" tests="4" errors="0" skipped="0" failures="0">
  <properties>
[...]
</properties>
  <testcase name="testRemovePersona" classname="api.rest.indra.services.CrudServiceTest" time="0.005"/>
  <testcase name="testGetPersona" classname="api.rest.indra.services.CrudServiceTest" time="0.002"/>
  <testcase name="testUpdatePersona" classname="api.rest.indra.services.CrudServiceTest" time="0.001"/>
  <testcase name="testAddPersona" classname="api.rest.indra.services.CrudServiceTest" time="0"/>
</testsuite>