<?xml version="1.0" encoding="UTF-8"?>
<testsuite xmlns:xsi="http://www.w3.org/2001/XMLSchema-instance" xsi:noNamespaceSchemaLocation="https://maven.apache.org/surefire/maven-surefire-plugin/xsd/surefire-test-report.xsd" name="api.rest.indra.api.PersonaControllerTest" time="13.912" tests="6" errors="0" skipped="0" failures="0">
  <properties>
[...]
</properties>
  <testcase name="testGet" classname="api.rest.indra.api.PersonaControllerTest" time="0.807"/>
  <testcase name="testGetPersona" classname="api.rest.indra.api.PersonaControllerTest" time="0.038"/>
  <testcase name="contextLoads" classname="api.rest.indra.api.PersonaControllerTest" time="0.002"/>
  <testcase name="testCreate" classname="api.rest.indra.api.PersonaControllerTest" time="0.061"/>
  <testcase name="testDelete" classname="api.rest.indra.api.PersonaControllerTest" time="0.06"/>
  <testcase name="testUpdate" classname="api.rest.indra.api.PersonaControllerTest" time="0.018"/>
</testsuite>